C:\Program Files (x86)\MSBuild\Microsoft.Cpp\v4.0\V140\Microsoft.CppBuild.targets(392,5): warning MSB8028: The intermediate directory (Debug\) contains files shared from another project (OpenCLProject1.vcxproj).  This can lead to incorrect clean and rebuild behavior.
  Preprocessing: Prueba.cl
  Preprocessing: src.cl
  Setting target instruction set architecture to: Default (Advanced Vector Extension 2 (AVX2))
  OpenCL Intel CPU device was found!
  Device name: Intel(R) Core(TM) i5-5200U CPU @ 2.20GHz
  Device version: OpenCL 2.0 (Build 123)
  Device vendor: Intel(R) Corporation
  Device profile: FULL_PROFILE
  Compilation started
  Compilation done
  Linking started
  Linking done
  Device build started
  Device build done
  Kernel <vadd> was not vectorized
  Done.
  vadd info:
  	Maximum work-group size: 8192
  	Compiler work-group size: (0, 0, 0)
  	Local memory size: 0
  	Preferred multiple of work-group size: 128
  	Minimum amount of private memory: 0
  
  Build succeeded!
  
  Setting target instruction set architecture to: Default (Advanced Vector Extension 2 (AVX2))
  OpenCL Intel CPU device was found!
  Device name: Intel(R) Core(TM) i5-5200U CPU @ 2.20GHz
  Device version: OpenCL 2.0 (Build 123)
  Device vendor: Intel(R) Corporation
  Device profile: FULL_PROFILE
  Compilation started
  Compilation done
  Linking started
  Linking done
  Device build started
  Device build done
  Kernel <bitonic> was not vectorized
  Done.
  bitonic info:
  	Maximum work-group size: 8192
  	Compiler work-group size: (0, 0, 0)
  	Local memory size: 0
  	Preferred multiple of work-group size: 128
  	Minimum amount of private memory: 0
  
  Build succeeded!
  
  Source.cpp
Source.cpp(71): warning C4996: 'fopen': This function or variable may be unsafe. Consider using fopen_s instead. To disable deprecation, use _CRT_SECURE_NO_WARNINGS. See online help for details.
  C:\Program Files (x86)\Windows Kits\10\Include\10.0.10240.0\ucrt\stdio.h(205): note: see declaration of 'fopen'
Source.cpp(121): warning C4018: '<': signed/unsigned mismatch
Source.cpp(149): warning C4018: '<': signed/unsigned mismatch
Source.cpp(202): warning C4018: '>=': signed/unsigned mismatch
Source.cpp(257): warning C4244: 'initializing': conversion from 'double' to 'int', possible loss of data
Source.cpp(263): warning C4244: 'initializing': conversion from 'double' to 'int', possible loss of data
Source.cpp(265): warning C4838: conversion from 'int' to 'size_t' requires a narrowing conversion
Source.cpp(233): warning C4996: 'clCreateCommandQueue': was declared deprecated
  C:\Program Files (x86)\Intel\OpenCL SDK\6.3\include\CL/cl.h(1428): note: see declaration of 'clCreateCommandQueue'
  OpenCLProject1.vcxproj -> C:\Users\Nico\Documents\Visual Studio 2015\Projects\OpenCLProject1\Debug\Practice 3.exe
  Prueba.cl
  src.cl
          2 archivo(s) copiado(s).
